{"c:\\Users\\Bernard Baker\\workspace\\holiday.extras.api\\compiled\\server.js":{"path":"c:\\Users\\Bernard Baker\\workspace\\holiday.extras.api\\compiled\\server.js","s":{"1":1,"2":1,"3":1,"4":0,"5":0,"6":0,"7":0,"8":0,"9":0,"10":0,"11":0,"12":0,"13":0,"14":1,"15":1,"16":0,"17":0,"18":0,"19":0,"20":0,"21":0,"22":0,"23":0,"24":0,"25":0,"26":0,"27":0,"28":0,"29":0,"30":0,"31":0,"32":0,"33":0,"34":0,"35":0,"36":0,"37":0,"38":0,"39":0},"b":{"1":[0,1],"2":[1,1],"3":[0,0],"4":[0,0],"5":[0,0],"6":[0,0]},"f":{"1":1,"2":0,"3":0,"4":0,"5":0,"6":0},"fnMap":{"1":{"name":"_interopRequireDefault","line":29,"loc":{"start":{"line":29,"column":0},"end":{"line":29,"column":37}}},"2":{"name":"(anonymous_2)","line":34,"loc":{"start":{"line":34,"column":37},"end":{"line":34,"column":49}}},"3":{"name":"(anonymous_3)","line":36,"loc":{"start":{"line":36,"column":50},"end":{"line":36,"column":66}}},"4":{"name":"(anonymous_4)","line":54,"loc":{"start":{"line":54,"column":63},"end":{"line":54,"column":75}}},"5":{"name":"(anonymous_5)","line":60,"loc":{"start":{"line":60,"column":34},"end":{"line":60,"column":52}}},"6":{"name":"(anonymous_6)","line":64,"loc":{"start":{"line":64,"column":31},"end":{"line":64,"column":48}}}},"statementMap":{"1":{"start":{"line":3,"column":0},"end":{"line":3,"column":34}},"2":{"start":{"line":5,"column":0},"end":{"line":5,"column":49}},"3":{"start":{"line":7,"column":0},"end":{"line":7,"column":38}},"4":{"start":{"line":9,"column":0},"end":{"line":9,"column":47}},"5":{"start":{"line":11,"column":0},"end":{"line":11,"column":41}},"6":{"start":{"line":13,"column":0},"end":{"line":13,"column":55}},"7":{"start":{"line":15,"column":0},"end":{"line":15,"column":35}},"8":{"start":{"line":17,"column":0},"end":{"line":17,"column":39}},"9":{"start":{"line":19,"column":0},"end":{"line":19,"column":28}},"10":{"start":{"line":21,"column":0},"end":{"line":21,"column":43}},"11":{"start":{"line":23,"column":0},"end":{"line":23,"column":28}},"12":{"start":{"line":25,"column":0},"end":{"line":25,"column":43}},"13":{"start":{"line":27,"column":0},"end":{"line":27,"column":26}},"14":{"start":{"line":29,"column":0},"end":{"line":29,"column":95}},"15":{"start":{"line":29,"column":39},"end":{"line":29,"column":93}},"16":{"start":{"line":31,"column":0},"end":{"line":31,"column":27}},"17":{"start":{"line":32,"column":0},"end":{"line":32,"column":25}},"18":{"start":{"line":34,"column":0},"end":{"line":85,"column":3}},"19":{"start":{"line":36,"column":2},"end":{"line":84,"column":5}},"20":{"start":{"line":38,"column":4},"end":{"line":38,"column":39}},"21":{"start":{"line":41,"column":4},"end":{"line":41,"column":40}},"22":{"start":{"line":44,"column":4},"end":{"line":44,"column":35}},"23":{"start":{"line":46,"column":4},"end":{"line":46,"column":65}},"24":{"start":{"line":48,"column":4},"end":{"line":48,"column":41}},"25":{"start":{"line":51,"column":4},"end":{"line":51,"column":31}},"26":{"start":{"line":54,"column":4},"end":{"line":83,"column":7}},"27":{"start":{"line":56,"column":6},"end":{"line":56,"column":29}},"28":{"start":{"line":57,"column":6},"end":{"line":57,"column":42}},"29":{"start":{"line":60,"column":6},"end":{"line":78,"column":9}},"30":{"start":{"line":61,"column":8},"end":{"line":61,"column":22}},"31":{"start":{"line":64,"column":8},"end":{"line":77,"column":11}},"32":{"start":{"line":65,"column":10},"end":{"line":68,"column":11}},"33":{"start":{"line":67,"column":12},"end":{"line":67,"column":19}},"34":{"start":{"line":69,"column":10},"end":{"line":75,"column":11}},"35":{"start":{"line":71,"column":12},"end":{"line":71,"column":61}},"36":{"start":{"line":74,"column":12},"end":{"line":74,"column":74}},"37":{"start":{"line":76,"column":10},"end":{"line":76,"column":18}},"38":{"start":{"line":80,"column":6},"end":{"line":80,"column":35}},"39":{"start":{"line":82,"column":6},"end":{"line":82,"column":13}}},"branchMap":{"1":{"line":29,"type":"cond-expr","locations":[{"start":{"line":29,"column":70},"end":{"line":29,"column":73}},{"start":{"line":29,"column":76},"end":{"line":29,"column":92}}]},"2":{"line":29,"type":"binary-expr","locations":[{"start":{"line":29,"column":46},"end":{"line":29,"column":49}},{"start":{"line":29,"column":53},"end":{"line":29,"column":67}}]},"3":{"line":41,"type":"binary-expr","locations":[{"start":{"line":41,"column":15},"end":{"line":41,"column":31}},{"start":{"line":41,"column":35},"end":{"line":41,"column":39}}]},"4":{"line":65,"type":"if","locations":[{"start":{"line":65,"column":10},"end":{"line":65,"column":10}},{"start":{"line":65,"column":10},"end":{"line":65,"column":10}}]},"5":{"line":65,"type":"binary-expr","locations":[{"start":{"line":65,"column":14},"end":{"line":65,"column":37}},{"start":{"line":65,"column":41},"end":{"line":65,"column":65}}]},"6":{"line":69,"type":"if","locations":[{"start":{"line":69,"column":10},"end":{"line":69,"column":10}},{"start":{"line":69,"column":10},"end":{"line":69,"column":10}}]}}},"c:\\Users\\Bernard Baker\\workspace\\holiday.extras.api\\compiled\\src\\routes\\index.js":{"path":"c:\\Users\\Bernard Baker\\workspace\\holiday.extras.api\\compiled\\src\\routes\\index.js","s":{"1":1,"2":1,"3":0,"4":1,"5":0,"6":0,"7":0,"8":0,"9":0,"10":0},"b":{"1":[0,0],"2":[0,0]},"f":{"1":0,"2":0,"3":0},"fnMap":{"1":{"name":"_interopRequireDefault","line":11,"loc":{"start":{"line":11,"column":0},"end":{"line":11,"column":37}}},"2":{"name":"routes","line":13,"loc":{"start":{"line":13,"column":13},"end":{"line":13,"column":34}}},"3":{"name":"(anonymous_3)","line":16,"loc":{"start":{"line":16,"column":21},"end":{"line":16,"column":41}}}},"statementMap":{"1":{"start":{"line":3,"column":0},"end":{"line":5,"column":3}},"2":{"start":{"line":7,"column":0},"end":{"line":7,"column":47}},"3":{"start":{"line":9,"column":0},"end":{"line":9,"column":55}},"4":{"start":{"line":11,"column":0},"end":{"line":11,"column":95}},"5":{"start":{"line":11,"column":39},"end":{"line":11,"column":93}},"6":{"start":{"line":13,"column":0},"end":{"line":19,"column":2}},"7":{"start":{"line":14,"column":2},"end":{"line":14,"column":41}},"8":{"start":{"line":16,"column":2},"end":{"line":18,"column":5}},"9":{"start":{"line":17,"column":4},"end":{"line":17,"column":25}},"10":{"start":{"line":21,"column":0},"end":{"line":21,"column":25}}},"branchMap":{"1":{"line":11,"type":"cond-expr","locations":[{"start":{"line":11,"column":70},"end":{"line":11,"column":73}},{"start":{"line":11,"column":76},"end":{"line":11,"column":92}}]},"2":{"line":11,"type":"binary-expr","locations":[{"start":{"line":11,"column":46},"end":{"line":11,"column":49}},{"start":{"line":11,"column":53},"end":{"line":11,"column":67}}]}}},"c:\\Users\\Bernard Baker\\workspace\\holiday.extras.api\\compiled\\src\\routes\\User\\UserRoutes.js":{"path":"c:\\Users\\Bernard Baker\\workspace\\holiday.extras.api\\compiled\\src\\routes\\User\\UserRoutes.js","s":{"1":1,"2":1,"3":1,"4":1,"5":1,"6":1,"7":0,"8":0,"9":0,"10":0,"11":0,"12":0,"13":0,"14":0,"15":0,"16":0,"17":0,"18":0},"b":{"1":[0,1],"2":[1,1]},"f":{"1":1,"2":0,"3":0,"4":0,"5":0,"6":0},"fnMap":{"1":{"name":"_interopRequireDefault","line":13,"loc":{"start":{"line":13,"column":0},"end":{"line":13,"column":37}}},"2":{"name":"(anonymous_2)","line":17,"loc":{"start":{"line":17,"column":23},"end":{"line":17,"column":43}}},"3":{"name":"(anonymous_3)","line":21,"loc":{"start":{"line":21,"column":21},"end":{"line":21,"column":41}}},"4":{"name":"(anonymous_4)","line":25,"loc":{"start":{"line":25,"column":24},"end":{"line":25,"column":44}}},"5":{"name":"(anonymous_5)","line":29,"loc":{"start":{"line":29,"column":25},"end":{"line":29,"column":45}}},"6":{"name":"(anonymous_6)","line":33,"loc":{"start":{"line":33,"column":16},"end":{"line":33,"column":36}}}},"statementMap":{"1":{"start":{"line":3,"column":0},"end":{"line":5,"column":3}},"2":{"start":{"line":7,"column":0},"end":{"line":7,"column":34}},"3":{"start":{"line":9,"column":0},"end":{"line":9,"column":49}},"4":{"start":{"line":11,"column":0},"end":{"line":11,"column":66}},"5":{"start":{"line":13,"column":0},"end":{"line":13,"column":95}},"6":{"start":{"line":13,"column":39},"end":{"line":13,"column":93}},"7":{"start":{"line":15,"column":0},"end":{"line":15,"column":40}},"8":{"start":{"line":17,"column":0},"end":{"line":19,"column":3}},"9":{"start":{"line":18,"column":2},"end":{"line":18,"column":44}},"10":{"start":{"line":21,"column":0},"end":{"line":23,"column":3}},"11":{"start":{"line":22,"column":2},"end":{"line":22,"column":42}},"12":{"start":{"line":25,"column":0},"end":{"line":27,"column":3}},"13":{"start":{"line":26,"column":2},"end":{"line":26,"column":44}},"14":{"start":{"line":29,"column":0},"end":{"line":31,"column":3}},"15":{"start":{"line":30,"column":2},"end":{"line":30,"column":44}},"16":{"start":{"line":33,"column":0},"end":{"line":35,"column":3}},"17":{"start":{"line":34,"column":2},"end":{"line":34,"column":39}},"18":{"start":{"line":37,"column":0},"end":{"line":37,"column":25}}},"branchMap":{"1":{"line":13,"type":"cond-expr","locations":[{"start":{"line":13,"column":70},"end":{"line":13,"column":73}},{"start":{"line":13,"column":76},"end":{"line":13,"column":92}}]},"2":{"line":13,"type":"binary-expr","locations":[{"start":{"line":13,"column":46},"end":{"line":13,"column":49}},{"start":{"line":13,"column":53},"end":{"line":13,"column":67}}]}}},"c:\\Users\\Bernard Baker\\workspace\\holiday.extras.api\\compiled\\src\\controllers\\UserController.js":{"path":"c:\\Users\\Bernard Baker\\workspace\\holiday.extras.api\\compiled\\src\\controllers\\UserController.js","s":{"1":1,"2":1,"3":1,"4":1,"5":0,"6":0,"7":0,"8":1,"9":0,"10":0,"11":0,"12":0,"13":0,"14":0,"15":0,"16":0,"17":0,"18":0,"19":0,"20":1,"21":1,"22":0,"23":0,"24":0,"25":0,"26":0,"27":0,"28":0,"29":0,"30":0,"31":0,"32":0,"33":0,"34":0,"35":0,"36":0,"37":0,"38":0,"39":0,"40":0,"41":0,"42":0,"43":0,"44":0,"45":0,"46":0,"47":0,"48":0,"49":0,"50":0,"51":0,"52":0,"53":0,"54":0,"55":0,"56":0,"57":0,"58":0,"59":0,"60":0,"61":0,"62":0,"63":0,"64":0,"65":0,"66":0,"67":0,"68":0,"69":0,"70":0,"71":0},"b":{"1":[0,0],"2":[0,0,0,0],"3":[0,0,0,0],"4":[0,0,0,0],"5":[0,0,0,0]},"f":{"1":0,"2":0,"3":0,"4":0,"5":0,"6":0,"7":1,"8":0,"9":0,"10":0,"11":0,"12":0,"13":0,"14":0,"15":0,"16":0,"17":0,"18":0,"19":0,"20":0,"21":0,"22":0,"23":0,"24":0,"25":0,"26":0,"27":0,"28":0,"29":0,"30":0},"fnMap":{"1":{"name":"_asyncToGenerator","line":10,"loc":{"start":{"line":10,"column":0},"end":{"line":10,"column":31}}},"2":{"name":"(anonymous_2)","line":10,"loc":{"start":{"line":10,"column":40},"end":{"line":10,"column":52}}},"3":{"name":"(anonymous_3)","line":10,"loc":{"start":{"line":10,"column":110},"end":{"line":10,"column":137}}},"4":{"name":"step","line":10,"loc":{"start":{"line":10,"column":139},"end":{"line":10,"column":163}}},"5":{"name":"(anonymous_5)","line":10,"loc":{"start":{"line":10,"column":341},"end":{"line":10,"column":358}}},"6":{"name":"(anonymous_6)","line":10,"loc":{"start":{"line":10,"column":384},"end":{"line":10,"column":399}}},"7":{"name":"(anonymous_7)","line":12,"loc":{"start":{"line":12,"column":38},"end":{"line":12,"column":50}}},"8":{"name":"_callee","line":13,"loc":{"start":{"line":13,"column":69},"end":{"line":13,"column":96}}},"9":{"name":"_callee$","line":14,"loc":{"start":{"line":14,"column":35},"end":{"line":14,"column":63}}},"10":{"name":"(anonymous_10)","line":19,"loc":{"start":{"line":19,"column":72},"end":{"line":19,"column":90}}},"11":{"name":"(anonymous_11)","line":21,"loc":{"start":{"line":21,"column":21},"end":{"line":21,"column":34}}},"12":{"name":"createUser","line":36,"loc":{"start":{"line":36,"column":9},"end":{"line":36,"column":38}}},"13":{"name":"(anonymous_13)","line":41,"loc":{"start":{"line":41,"column":34},"end":{"line":41,"column":46}}},"14":{"name":"_callee2","line":42,"loc":{"start":{"line":42,"column":70},"end":{"line":42,"column":98}}},"15":{"name":"_callee2$","line":43,"loc":{"start":{"line":43,"column":35},"end":{"line":43,"column":65}}},"16":{"name":"(anonymous_16)","line":48,"loc":{"start":{"line":48,"column":71},"end":{"line":48,"column":89}}},"17":{"name":"(anonymous_17)","line":50,"loc":{"start":{"line":50,"column":21},"end":{"line":50,"column":34}}},"18":{"name":"readUser","line":65,"loc":{"start":{"line":65,"column":9},"end":{"line":65,"column":37}}},"19":{"name":"(anonymous_19)","line":70,"loc":{"start":{"line":70,"column":38},"end":{"line":70,"column":50}}},"20":{"name":"_callee3","line":71,"loc":{"start":{"line":71,"column":70},"end":{"line":71,"column":98}}},"21":{"name":"_callee3$","line":72,"loc":{"start":{"line":72,"column":35},"end":{"line":72,"column":65}}},"22":{"name":"(anonymous_22)","line":77,"loc":{"start":{"line":77,"column":73},"end":{"line":77,"column":91}}},"23":{"name":"(anonymous_23)","line":79,"loc":{"start":{"line":79,"column":21},"end":{"line":79,"column":34}}},"24":{"name":"updateUser","line":94,"loc":{"start":{"line":94,"column":9},"end":{"line":94,"column":39}}},"25":{"name":"(anonymous_25)","line":99,"loc":{"start":{"line":99,"column":38},"end":{"line":99,"column":50}}},"26":{"name":"_callee4","line":100,"loc":{"start":{"line":100,"column":70},"end":{"line":100,"column":98}}},"27":{"name":"_callee4$","line":101,"loc":{"start":{"line":101,"column":35},"end":{"line":101,"column":65}}},"28":{"name":"(anonymous_28)","line":106,"loc":{"start":{"line":106,"column":73},"end":{"line":106,"column":91}}},"29":{"name":"(anonymous_29)","line":108,"loc":{"start":{"line":108,"column":21},"end":{"line":108,"column":34}}},"30":{"name":"deleteUser","line":123,"loc":{"start":{"line":123,"column":9},"end":{"line":123,"column":39}}}},"statementMap":{"1":{"start":{"line":3,"column":0},"end":{"line":5,"column":3}},"2":{"start":{"line":6,"column":0},"end":{"line":6,"column":92}},"3":{"start":{"line":8,"column":0},"end":{"line":8,"column":73}},"4":{"start":{"line":10,"column":0},"end":{"line":10,"column":458}},"5":{"start":{"line":10,"column":33},"end":{"line":10,"column":456}},"6":{"start":{"line":10,"column":54},"end":{"line":10,"column":90}},"7":{"start":{"line":10,"column":91},"end":{"line":10,"column":453}},"8":{"start":{"line":10,"column":139},"end":{"line":10,"column":428}},"9":{"start":{"line":10,"column":165},"end":{"line":10,"column":263}},"10":{"start":{"line":10,"column":171},"end":{"line":10,"column":196}},"11":{"start":{"line":10,"column":197},"end":{"line":10,"column":220}},"12":{"start":{"line":10,"column":239},"end":{"line":10,"column":253}},"13":{"start":{"line":10,"column":254},"end":{"line":10,"column":261}},"14":{"start":{"line":10,"column":264},"end":{"line":10,"column":426}},"15":{"start":{"line":10,"column":281},"end":{"line":10,"column":296}},"16":{"start":{"line":10,"column":306},"end":{"line":10,"column":424}},"17":{"start":{"line":10,"column":360},"end":{"line":10,"column":380}},"18":{"start":{"line":10,"column":401},"end":{"line":10,"column":420}},"19":{"start":{"line":10,"column":429},"end":{"line":10,"column":449}},"20":{"start":{"line":12,"column":0},"end":{"line":39,"column":4}},"21":{"start":{"line":13,"column":2},"end":{"line":34,"column":6}},"22":{"start":{"line":14,"column":4},"end":{"line":33,"column":27}},"23":{"start":{"line":15,"column":6},"end":{"line":32,"column":7}},"24":{"start":{"line":16,"column":8},"end":{"line":31,"column":9}},"25":{"start":{"line":18,"column":12},"end":{"line":18,"column":30}},"26":{"start":{"line":19,"column":12},"end":{"line":23,"column":15}},"27":{"start":{"line":20,"column":14},"end":{"line":20,"column":31}},"28":{"start":{"line":22,"column":14},"end":{"line":22,"column":34}},"29":{"start":{"line":26,"column":12},"end":{"line":26,"column":60}},"30":{"start":{"line":30,"column":12},"end":{"line":30,"column":35}},"31":{"start":{"line":36,"column":2},"end":{"line":38,"column":4}},"32":{"start":{"line":37,"column":4},"end":{"line":37,"column":39}},"33":{"start":{"line":41,"column":0},"end":{"line":68,"column":4}},"34":{"start":{"line":42,"column":2},"end":{"line":63,"column":6}},"35":{"start":{"line":43,"column":4},"end":{"line":62,"column":28}},"36":{"start":{"line":44,"column":6},"end":{"line":61,"column":7}},"37":{"start":{"line":45,"column":8},"end":{"line":60,"column":9}},"38":{"start":{"line":47,"column":12},"end":{"line":47,"column":31}},"39":{"start":{"line":48,"column":12},"end":{"line":52,"column":15}},"40":{"start":{"line":49,"column":14},"end":{"line":49,"column":31}},"41":{"start":{"line":51,"column":14},"end":{"line":51,"column":34}},"42":{"start":{"line":55,"column":12},"end":{"line":55,"column":62}},"43":{"start":{"line":59,"column":12},"end":{"line":59,"column":36}},"44":{"start":{"line":65,"column":2},"end":{"line":67,"column":4}},"45":{"start":{"line":66,"column":4},"end":{"line":66,"column":40}},"46":{"start":{"line":70,"column":0},"end":{"line":97,"column":4}},"47":{"start":{"line":71,"column":2},"end":{"line":92,"column":6}},"48":{"start":{"line":72,"column":4},"end":{"line":91,"column":28}},"49":{"start":{"line":73,"column":6},"end":{"line":90,"column":7}},"50":{"start":{"line":74,"column":8},"end":{"line":89,"column":9}},"51":{"start":{"line":76,"column":12},"end":{"line":76,"column":31}},"52":{"start":{"line":77,"column":12},"end":{"line":81,"column":15}},"53":{"start":{"line":78,"column":14},"end":{"line":78,"column":31}},"54":{"start":{"line":80,"column":14},"end":{"line":80,"column":34}},"55":{"start":{"line":84,"column":12},"end":{"line":84,"column":62}},"56":{"start":{"line":88,"column":12},"end":{"line":88,"column":36}},"57":{"start":{"line":94,"column":2},"end":{"line":96,"column":4}},"58":{"start":{"line":95,"column":4},"end":{"line":95,"column":40}},"59":{"start":{"line":99,"column":0},"end":{"line":126,"column":4}},"60":{"start":{"line":100,"column":2},"end":{"line":121,"column":6}},"61":{"start":{"line":101,"column":4},"end":{"line":120,"column":28}},"62":{"start":{"line":102,"column":6},"end":{"line":119,"column":7}},"63":{"start":{"line":103,"column":8},"end":{"line":118,"column":9}},"64":{"start":{"line":105,"column":12},"end":{"line":105,"column":31}},"65":{"start":{"line":106,"column":12},"end":{"line":110,"column":15}},"66":{"start":{"line":107,"column":14},"end":{"line":107,"column":39}},"67":{"start":{"line":109,"column":14},"end":{"line":109,"column":34}},"68":{"start":{"line":113,"column":12},"end":{"line":113,"column":62}},"69":{"start":{"line":117,"column":12},"end":{"line":117,"column":36}},"70":{"start":{"line":123,"column":2},"end":{"line":125,"column":4}},"71":{"start":{"line":124,"column":4},"end":{"line":124,"column":40}}},"branchMap":{"1":{"line":10,"type":"if","locations":[{"start":{"line":10,"column":264},"end":{"line":10,"column":264}},{"start":{"line":10,"column":264},"end":{"line":10,"column":264}}]},"2":{"line":16,"type":"switch","locations":[{"start":{"line":17,"column":10},"end":{"line":23,"column":15}},{"start":{"line":25,"column":10},"end":{"line":26,"column":60}},{"start":{"line":28,"column":10},"end":{"line":28,"column":17}},{"start":{"line":29,"column":10},"end":{"line":30,"column":35}}]},"3":{"line":45,"type":"switch","locations":[{"start":{"line":46,"column":10},"end":{"line":52,"column":15}},{"start":{"line":54,"column":10},"end":{"line":55,"column":62}},{"start":{"line":57,"column":10},"end":{"line":57,"column":17}},{"start":{"line":58,"column":10},"end":{"line":59,"column":36}}]},"4":{"line":74,"type":"switch","locations":[{"start":{"line":75,"column":10},"end":{"line":81,"column":15}},{"start":{"line":83,"column":10},"end":{"line":84,"column":62}},{"start":{"line":86,"column":10},"end":{"line":86,"column":17}},{"start":{"line":87,"column":10},"end":{"line":88,"column":36}}]},"5":{"line":103,"type":"switch","locations":[{"start":{"line":104,"column":10},"end":{"line":110,"column":15}},{"start":{"line":112,"column":10},"end":{"line":113,"column":62}},{"start":{"line":115,"column":10},"end":{"line":115,"column":17}},{"start":{"line":116,"column":10},"end":{"line":117,"column":36}}]}}},"c:\\Users\\Bernard Baker\\workspace\\holiday.extras.api\\compiled\\src\\service.objects\\UserServiceObject.js":{"path":"c:\\Users\\Bernard Baker\\workspace\\holiday.extras.api\\compiled\\src\\service.objects\\UserServiceObject.js","s":{"1":1,"2":1,"3":1,"4":1,"5":1,"6":1,"7":1,"8":0,"9":0,"10":0,"11":0,"12":0,"13":0,"14":0,"15":0,"16":0,"17":0,"18":0,"19":0,"20":0,"21":0,"22":0,"23":0,"24":0,"25":0,"26":0,"27":0,"28":0,"29":1,"30":0,"31":0,"32":0,"33":1,"34":0,"35":0,"36":0,"37":1,"38":0,"39":0,"40":0,"41":1,"42":0,"43":0,"44":0},"b":{"1":[0,0],"2":[0,0],"3":[0,0],"4":[0,0],"5":[0,0],"6":[0,0],"7":[0,0],"8":[0,0]},"f":{"1":0,"2":0,"3":0,"4":0,"5":0,"6":0,"7":0,"8":0,"9":0,"10":0,"11":0,"12":0,"13":0},"fnMap":{"1":{"name":"sanitizationChecksOfInputs","line":16,"loc":{"start":{"line":16,"column":33},"end":{"line":16,"column":77}}},"2":{"name":"createNewUser","line":48,"loc":{"start":{"line":48,"column":44},"end":{"line":48,"column":76}}},"3":{"name":"(anonymous_3)","line":49,"loc":{"start":{"line":49,"column":93},"end":{"line":49,"column":111}}},"4":{"name":"(anonymous_4)","line":51,"loc":{"start":{"line":51,"column":11},"end":{"line":51,"column":24}}},"5":{"name":"readUserById","line":56,"loc":{"start":{"line":56,"column":42},"end":{"line":56,"column":73}}},"6":{"name":"(anonymous_6)","line":57,"loc":{"start":{"line":57,"column":97},"end":{"line":57,"column":115}}},"7":{"name":"(anonymous_7)","line":59,"loc":{"start":{"line":59,"column":11},"end":{"line":59,"column":24}}},"8":{"name":"updateUserById","line":64,"loc":{"start":{"line":64,"column":46},"end":{"line":64,"column":79}}},"9":{"name":"(anonymous_9)","line":65,"loc":{"start":{"line":65,"column":101},"end":{"line":65,"column":119}}},"10":{"name":"(anonymous_10)","line":67,"loc":{"start":{"line":67,"column":11},"end":{"line":67,"column":24}}},"11":{"name":"deleteUserById","line":72,"loc":{"start":{"line":72,"column":46},"end":{"line":72,"column":79}}},"12":{"name":"(anonymous_12)","line":73,"loc":{"start":{"line":73,"column":101},"end":{"line":73,"column":119}}},"13":{"name":"(anonymous_13)","line":75,"loc":{"start":{"line":75,"column":11},"end":{"line":75,"column":24}}}},"statementMap":{"1":{"start":{"line":3,"column":0},"end":{"line":5,"column":3}},"2":{"start":{"line":6,"column":0},"end":{"line":6,"column":107}},"3":{"start":{"line":8,"column":0},"end":{"line":8,"column":71}},"4":{"start":{"line":10,"column":0},"end":{"line":10,"column":75}},"5":{"start":{"line":12,"column":0},"end":{"line":12,"column":79}},"6":{"start":{"line":14,"column":0},"end":{"line":14,"column":79}},"7":{"start":{"line":16,"column":0},"end":{"line":46,"column":2}},"8":{"start":{"line":17,"column":2},"end":{"line":23,"column":3}},"9":{"start":{"line":18,"column":4},"end":{"line":18,"column":90}},"10":{"start":{"line":19,"column":4},"end":{"line":19,"column":45}},"11":{"start":{"line":20,"column":4},"end":{"line":22,"column":5}},"12":{"start":{"line":21,"column":6},"end":{"line":21,"column":18}},"13":{"start":{"line":24,"column":2},"end":{"line":30,"column":3}},"14":{"start":{"line":25,"column":4},"end":{"line":25,"column":168}},"15":{"start":{"line":26,"column":4},"end":{"line":26,"column":66}},"16":{"start":{"line":27,"column":4},"end":{"line":29,"column":5}},"17":{"start":{"line":28,"column":6},"end":{"line":28,"column":18}},"18":{"start":{"line":31,"column":2},"end":{"line":37,"column":3}},"19":{"start":{"line":32,"column":4},"end":{"line":32,"column":27}},"20":{"start":{"line":33,"column":4},"end":{"line":33,"column":73}},"21":{"start":{"line":34,"column":4},"end":{"line":36,"column":5}},"22":{"start":{"line":35,"column":6},"end":{"line":35,"column":18}},"23":{"start":{"line":38,"column":2},"end":{"line":44,"column":3}},"24":{"start":{"line":39,"column":4},"end":{"line":39,"column":29}},"25":{"start":{"line":40,"column":4},"end":{"line":40,"column":71}},"26":{"start":{"line":41,"column":4},"end":{"line":43,"column":5}},"27":{"start":{"line":42,"column":6},"end":{"line":42,"column":18}},"28":{"start":{"line":45,"column":2},"end":{"line":45,"column":16}},"29":{"start":{"line":48,"column":0},"end":{"line":54,"column":2}},"30":{"start":{"line":49,"column":2},"end":{"line":53,"column":5}},"31":{"start":{"line":50,"column":4},"end":{"line":50,"column":18}},"32":{"start":{"line":52,"column":4},"end":{"line":52,"column":12}},"33":{"start":{"line":56,"column":0},"end":{"line":62,"column":2}},"34":{"start":{"line":57,"column":2},"end":{"line":61,"column":5}},"35":{"start":{"line":58,"column":4},"end":{"line":58,"column":18}},"36":{"start":{"line":60,"column":4},"end":{"line":60,"column":12}},"37":{"start":{"line":64,"column":0},"end":{"line":70,"column":2}},"38":{"start":{"line":65,"column":2},"end":{"line":69,"column":5}},"39":{"start":{"line":66,"column":4},"end":{"line":66,"column":18}},"40":{"start":{"line":68,"column":4},"end":{"line":68,"column":12}},"41":{"start":{"line":72,"column":0},"end":{"line":78,"column":2}},"42":{"start":{"line":73,"column":2},"end":{"line":77,"column":5}},"43":{"start":{"line":74,"column":4},"end":{"line":74,"column":18}},"44":{"start":{"line":76,"column":4},"end":{"line":76,"column":12}}},"branchMap":{"1":{"line":17,"type":"if","locations":[{"start":{"line":17,"column":2},"end":{"line":17,"column":2}},{"start":{"line":17,"column":2},"end":{"line":17,"column":2}}]},"2":{"line":20,"type":"if","locations":[{"start":{"line":20,"column":4},"end":{"line":20,"column":4}},{"start":{"line":20,"column":4},"end":{"line":20,"column":4}}]},"3":{"line":24,"type":"if","locations":[{"start":{"line":24,"column":2},"end":{"line":24,"column":2}},{"start":{"line":24,"column":2},"end":{"line":24,"column":2}}]},"4":{"line":27,"type":"if","locations":[{"start":{"line":27,"column":4},"end":{"line":27,"column":4}},{"start":{"line":27,"column":4},"end":{"line":27,"column":4}}]},"5":{"line":31,"type":"if","locations":[{"start":{"line":31,"column":2},"end":{"line":31,"column":2}},{"start":{"line":31,"column":2},"end":{"line":31,"column":2}}]},"6":{"line":34,"type":"if","locations":[{"start":{"line":34,"column":4},"end":{"line":34,"column":4}},{"start":{"line":34,"column":4},"end":{"line":34,"column":4}}]},"7":{"line":38,"type":"if","locations":[{"start":{"line":38,"column":2},"end":{"line":38,"column":2}},{"start":{"line":38,"column":2},"end":{"line":38,"column":2}}]},"8":{"line":41,"type":"if","locations":[{"start":{"line":41,"column":4},"end":{"line":41,"column":4}},{"start":{"line":41,"column":4},"end":{"line":41,"column":4}}]}}},"c:\\Users\\Bernard Baker\\workspace\\holiday.extras.api\\compiled\\src\\commands\\user\\CreateUserCommand.js":{"path":"c:\\Users\\Bernard Baker\\workspace\\holiday.extras.api\\compiled\\src\\commands\\user\\CreateUserCommand.js","s":{"1":1,"2":1,"3":1,"4":1,"5":1,"6":1,"7":1,"8":1,"9":1,"10":3,"11":1,"12":0,"13":0,"14":0,"15":0,"16":0,"17":0,"18":0,"19":0,"20":0,"21":0,"22":0,"23":0,"24":0,"25":0,"26":0,"27":0,"28":0},"b":{"1":[1,2],"2":[3,3],"3":[0,0],"4":[0,0],"5":[0,0],"6":[0,0]},"f":{"1":3,"2":0,"3":0,"4":0,"5":0},"fnMap":{"1":{"name":"_interopRequireDefault","line":20,"loc":{"start":{"line":20,"column":0},"end":{"line":20,"column":37}}},"2":{"name":"createUserCommand","line":22,"loc":{"start":{"line":22,"column":52},"end":{"line":22,"column":88}}},"3":{"name":"(anonymous_3)","line":23,"loc":{"start":{"line":23,"column":21},"end":{"line":23,"column":48}}},"4":{"name":"(anonymous_4)","line":26,"loc":{"start":{"line":26,"column":41},"end":{"line":26,"column":74}}},"5":{"name":"(anonymous_5)","line":34,"loc":{"start":{"line":34,"column":19},"end":{"line":34,"column":46}}}},"statementMap":{"1":{"start":{"line":3,"column":0},"end":{"line":5,"column":3}},"2":{"start":{"line":6,"column":0},"end":{"line":6,"column":38}},"3":{"start":{"line":8,"column":0},"end":{"line":8,"column":36}},"4":{"start":{"line":10,"column":0},"end":{"line":10,"column":51}},"5":{"start":{"line":12,"column":0},"end":{"line":12,"column":51}},"6":{"start":{"line":14,"column":0},"end":{"line":14,"column":53}},"7":{"start":{"line":16,"column":0},"end":{"line":16,"column":28}},"8":{"start":{"line":18,"column":0},"end":{"line":18,"column":43}},"9":{"start":{"line":20,"column":0},"end":{"line":20,"column":95}},"10":{"start":{"line":20,"column":39},"end":{"line":20,"column":93}},"11":{"start":{"line":22,"column":0},"end":{"line":46,"column":2}},"12":{"start":{"line":23,"column":2},"end":{"line":45,"column":5}},"13":{"start":{"line":24,"column":4},"end":{"line":24,"column":38}},"14":{"start":{"line":24,"column":26},"end":{"line":24,"column":38}},"15":{"start":{"line":25,"column":4},"end":{"line":25,"column":71}},"16":{"start":{"line":26,"column":4},"end":{"line":44,"column":7}},"17":{"start":{"line":27,"column":6},"end":{"line":30,"column":7}},"18":{"start":{"line":28,"column":8},"end":{"line":28,"column":27}},"19":{"start":{"line":29,"column":8},"end":{"line":29,"column":20}},"20":{"start":{"line":31,"column":6},"end":{"line":43,"column":7}},"21":{"start":{"line":32,"column":8},"end":{"line":32,"column":40}},"22":{"start":{"line":33,"column":8},"end":{"line":33,"column":43}},"23":{"start":{"line":34,"column":8},"end":{"line":40,"column":11}},"24":{"start":{"line":35,"column":10},"end":{"line":38,"column":11}},"25":{"start":{"line":36,"column":12},"end":{"line":36,"column":31}},"26":{"start":{"line":37,"column":12},"end":{"line":37,"column":24}},"27":{"start":{"line":39,"column":10},"end":{"line":39,"column":28}},"28":{"start":{"line":42,"column":8},"end":{"line":42,"column":20}}},"branchMap":{"1":{"line":20,"type":"cond-expr","locations":[{"start":{"line":20,"column":70},"end":{"line":20,"column":73}},{"start":{"line":20,"column":76},"end":{"line":20,"column":92}}]},"2":{"line":20,"type":"binary-expr","locations":[{"start":{"line":20,"column":46},"end":{"line":20,"column":49}},{"start":{"line":20,"column":53},"end":{"line":20,"column":67}}]},"3":{"line":24,"type":"if","locations":[{"start":{"line":24,"column":4},"end":{"line":24,"column":4}},{"start":{"line":24,"column":4},"end":{"line":24,"column":4}}]},"4":{"line":27,"type":"if","locations":[{"start":{"line":27,"column":6},"end":{"line":27,"column":6}},{"start":{"line":27,"column":6},"end":{"line":27,"column":6}}]},"5":{"line":31,"type":"if","locations":[{"start":{"line":31,"column":6},"end":{"line":31,"column":6}},{"start":{"line":31,"column":6},"end":{"line":31,"column":6}}]},"6":{"line":35,"type":"if","locations":[{"start":{"line":35,"column":10},"end":{"line":35,"column":10}},{"start":{"line":35,"column":10},"end":{"line":35,"column":10}}]}}},"c:\\Users\\Bernard Baker\\workspace\\holiday.extras.api\\compiled\\src\\models\\UserModel.js":{"path":"c:\\Users\\Bernard Baker\\workspace\\holiday.extras.api\\compiled\\src\\models\\UserModel.js","s":{"1":1,"2":1,"3":1,"4":1,"5":1,"6":1,"7":2,"8":1,"9":1,"10":1},"b":{"1":[0,2],"2":[2,2]},"f":{"1":2},"fnMap":{"1":{"name":"_interopRequireDefault","line":15,"loc":{"start":{"line":15,"column":0},"end":{"line":15,"column":37}}}},"statementMap":{"1":{"start":{"line":3,"column":0},"end":{"line":5,"column":3}},"2":{"start":{"line":7,"column":0},"end":{"line":7,"column":36}},"3":{"start":{"line":9,"column":0},"end":{"line":9,"column":51}},"4":{"start":{"line":11,"column":0},"end":{"line":11,"column":32}},"5":{"start":{"line":13,"column":0},"end":{"line":13,"column":47}},"6":{"start":{"line":15,"column":0},"end":{"line":15,"column":95}},"7":{"start":{"line":15,"column":39},"end":{"line":15,"column":93}},"8":{"start":{"line":17,"column":0},"end":{"line":17,"column":39}},"9":{"start":{"line":19,"column":0},"end":{"line":38,"column":3}},"10":{"start":{"line":40,"column":0},"end":{"line":40,"column":29}}},"branchMap":{"1":{"line":15,"type":"cond-expr","locations":[{"start":{"line":15,"column":70},"end":{"line":15,"column":73}},{"start":{"line":15,"column":76},"end":{"line":15,"column":92}}]},"2":{"line":15,"type":"binary-expr","locations":[{"start":{"line":15,"column":46},"end":{"line":15,"column":49}},{"start":{"line":15,"column":53},"end":{"line":15,"column":67}}]}}},"c:\\Users\\Bernard Baker\\workspace\\holiday.extras.api\\compiled\\src\\commands\\user\\ReadUserByIdCommand.js":{"path":"c:\\Users\\Bernard Baker\\workspace\\holiday.extras.api\\compiled\\src\\commands\\user\\ReadUserByIdCommand.js","s":{"1":1,"2":1,"3":1,"4":1,"5":1,"6":1,"7":1,"8":2,"9":1,"10":0,"11":0,"12":0,"13":0,"14":0,"15":0,"16":0},"b":{"1":[1,1],"2":[2,2],"3":[0,0]},"f":{"1":2,"2":0,"3":0,"4":0},"fnMap":{"1":{"name":"_interopRequireDefault","line":16,"loc":{"start":{"line":16,"column":0},"end":{"line":16,"column":37}}},"2":{"name":"readUserByIdCommand","line":18,"loc":{"start":{"line":18,"column":56},"end":{"line":18,"column":94}}},"3":{"name":"(anonymous_3)","line":19,"loc":{"start":{"line":19,"column":21},"end":{"line":19,"column":48}}},"4":{"name":"(anonymous_4)","line":21,"loc":{"start":{"line":21,"column":41},"end":{"line":21,"column":74}}}},"statementMap":{"1":{"start":{"line":3,"column":0},"end":{"line":5,"column":3}},"2":{"start":{"line":6,"column":0},"end":{"line":6,"column":40}},"3":{"start":{"line":8,"column":0},"end":{"line":8,"column":36}},"4":{"start":{"line":10,"column":0},"end":{"line":10,"column":51}},"5":{"start":{"line":12,"column":0},"end":{"line":12,"column":51}},"6":{"start":{"line":14,"column":0},"end":{"line":14,"column":53}},"7":{"start":{"line":16,"column":0},"end":{"line":16,"column":95}},"8":{"start":{"line":16,"column":39},"end":{"line":16,"column":93}},"9":{"start":{"line":18,"column":0},"end":{"line":29,"column":2}},"10":{"start":{"line":19,"column":2},"end":{"line":28,"column":5}},"11":{"start":{"line":20,"column":4},"end":{"line":20,"column":71}},"12":{"start":{"line":21,"column":4},"end":{"line":27,"column":7}},"13":{"start":{"line":22,"column":6},"end":{"line":25,"column":7}},"14":{"start":{"line":23,"column":8},"end":{"line":23,"column":27}},"15":{"start":{"line":24,"column":8},"end":{"line":24,"column":20}},"16":{"start":{"line":26,"column":6},"end":{"line":26,"column":30}}},"branchMap":{"1":{"line":16,"type":"cond-expr","locations":[{"start":{"line":16,"column":70},"end":{"line":16,"column":73}},{"start":{"line":16,"column":76},"end":{"line":16,"column":92}}]},"2":{"line":16,"type":"binary-expr","locations":[{"start":{"line":16,"column":46},"end":{"line":16,"column":49}},{"start":{"line":16,"column":53},"end":{"line":16,"column":67}}]},"3":{"line":22,"type":"if","locations":[{"start":{"line":22,"column":6},"end":{"line":22,"column":6}},{"start":{"line":22,"column":6},"end":{"line":22,"column":6}}]}}},"c:\\Users\\Bernard Baker\\workspace\\holiday.extras.api\\compiled\\src\\commands\\user\\UpdateUserByIdCommand.js":{"path":"c:\\Users\\Bernard Baker\\workspace\\holiday.extras.api\\compiled\\src\\commands\\user\\UpdateUserByIdCommand.js","s":{"1":1,"2":1,"3":1,"4":1,"5":1,"6":1,"7":1,"8":2,"9":1,"10":0,"11":0,"12":0,"13":0,"14":0,"15":0,"16":0,"17":0,"18":0,"19":0,"20":0,"21":0,"22":0,"23":0,"24":0,"25":0,"26":0,"27":0,"28":0,"29":0,"30":0},"b":{"1":[1,1],"2":[2,2],"3":[0,0],"4":[0,0],"5":[0,0],"6":[0,0],"7":[0,0],"8":[0,0],"9":[0,0]},"f":{"1":2,"2":0,"3":0,"4":0,"5":0},"fnMap":{"1":{"name":"_interopRequireDefault","line":16,"loc":{"start":{"line":16,"column":0},"end":{"line":16,"column":37}}},"2":{"name":"updateUserByIdCommand","line":18,"loc":{"start":{"line":18,"column":60},"end":{"line":18,"column":100}}},"3":{"name":"(anonymous_3)","line":19,"loc":{"start":{"line":19,"column":21},"end":{"line":19,"column":48}}},"4":{"name":"(anonymous_4)","line":22,"loc":{"start":{"line":22,"column":41},"end":{"line":22,"column":74}}},"5":{"name":"(anonymous_5)","line":37,"loc":{"start":{"line":37,"column":28},"end":{"line":37,"column":55}}}},"statementMap":{"1":{"start":{"line":3,"column":0},"end":{"line":5,"column":3}},"2":{"start":{"line":6,"column":0},"end":{"line":6,"column":42}},"3":{"start":{"line":8,"column":0},"end":{"line":8,"column":36}},"4":{"start":{"line":10,"column":0},"end":{"line":10,"column":51}},"5":{"start":{"line":12,"column":0},"end":{"line":12,"column":51}},"6":{"start":{"line":14,"column":0},"end":{"line":14,"column":53}},"7":{"start":{"line":16,"column":0},"end":{"line":16,"column":95}},"8":{"start":{"line":16,"column":39},"end":{"line":16,"column":93}},"9":{"start":{"line":18,"column":0},"end":{"line":49,"column":2}},"10":{"start":{"line":19,"column":2},"end":{"line":48,"column":5}},"11":{"start":{"line":20,"column":4},"end":{"line":20,"column":38}},"12":{"start":{"line":20,"column":26},"end":{"line":20,"column":38}},"13":{"start":{"line":21,"column":4},"end":{"line":21,"column":71}},"14":{"start":{"line":22,"column":4},"end":{"line":47,"column":7}},"15":{"start":{"line":23,"column":6},"end":{"line":26,"column":7}},"16":{"start":{"line":24,"column":8},"end":{"line":24,"column":27}},"17":{"start":{"line":25,"column":8},"end":{"line":25,"column":20}},"18":{"start":{"line":27,"column":6},"end":{"line":46,"column":7}},"19":{"start":{"line":28,"column":8},"end":{"line":30,"column":9}},"20":{"start":{"line":29,"column":10},"end":{"line":29,"column":53}},"21":{"start":{"line":31,"column":8},"end":{"line":33,"column":9}},"22":{"start":{"line":32,"column":10},"end":{"line":32,"column":51}},"23":{"start":{"line":34,"column":8},"end":{"line":36,"column":9}},"24":{"start":{"line":35,"column":10},"end":{"line":35,"column":47}},"25":{"start":{"line":37,"column":8},"end":{"line":43,"column":11}},"26":{"start":{"line":38,"column":10},"end":{"line":41,"column":11}},"27":{"start":{"line":39,"column":12},"end":{"line":39,"column":31}},"28":{"start":{"line":40,"column":12},"end":{"line":40,"column":24}},"29":{"start":{"line":42,"column":10},"end":{"line":42,"column":28}},"30":{"start":{"line":45,"column":8},"end":{"line":45,"column":20}}},"branchMap":{"1":{"line":16,"type":"cond-expr","locations":[{"start":{"line":16,"column":70},"end":{"line":16,"column":73}},{"start":{"line":16,"column":76},"end":{"line":16,"column":92}}]},"2":{"line":16,"type":"binary-expr","locations":[{"start":{"line":16,"column":46},"end":{"line":16,"column":49}},{"start":{"line":16,"column":53},"end":{"line":16,"column":67}}]},"3":{"line":20,"type":"if","locations":[{"start":{"line":20,"column":4},"end":{"line":20,"column":4}},{"start":{"line":20,"column":4},"end":{"line":20,"column":4}}]},"4":{"line":23,"type":"if","locations":[{"start":{"line":23,"column":6},"end":{"line":23,"column":6}},{"start":{"line":23,"column":6},"end":{"line":23,"column":6}}]},"5":{"line":27,"type":"if","locations":[{"start":{"line":27,"column":6},"end":{"line":27,"column":6}},{"start":{"line":27,"column":6},"end":{"line":27,"column":6}}]},"6":{"line":28,"type":"if","locations":[{"start":{"line":28,"column":8},"end":{"line":28,"column":8}},{"start":{"line":28,"column":8},"end":{"line":28,"column":8}}]},"7":{"line":31,"type":"if","locations":[{"start":{"line":31,"column":8},"end":{"line":31,"column":8}},{"start":{"line":31,"column":8},"end":{"line":31,"column":8}}]},"8":{"line":34,"type":"if","locations":[{"start":{"line":34,"column":8},"end":{"line":34,"column":8}},{"start":{"line":34,"column":8},"end":{"line":34,"column":8}}]},"9":{"line":38,"type":"if","locations":[{"start":{"line":38,"column":10},"end":{"line":38,"column":10}},{"start":{"line":38,"column":10},"end":{"line":38,"column":10}}]}}},"c:\\Users\\Bernard Baker\\workspace\\holiday.extras.api\\compiled\\src\\commands\\user\\DeleteUserByIdCommand.js":{"path":"c:\\Users\\Bernard Baker\\workspace\\holiday.extras.api\\compiled\\src\\commands\\user\\DeleteUserByIdCommand.js","s":{"1":1,"2":1,"3":1,"4":1,"5":1,"6":1,"7":1,"8":2,"9":1,"10":0,"11":0,"12":0,"13":0,"14":0,"15":0,"16":0},"b":{"1":[1,1],"2":[2,2],"3":[0,0]},"f":{"1":2,"2":0,"3":0,"4":0},"fnMap":{"1":{"name":"_interopRequireDefault","line":16,"loc":{"start":{"line":16,"column":0},"end":{"line":16,"column":37}}},"2":{"name":"deleteUserByIdCommand","line":18,"loc":{"start":{"line":18,"column":60},"end":{"line":18,"column":100}}},"3":{"name":"(anonymous_3)","line":19,"loc":{"start":{"line":19,"column":21},"end":{"line":19,"column":48}}},"4":{"name":"(anonymous_4)","line":21,"loc":{"start":{"line":21,"column":43},"end":{"line":21,"column":60}}}},"statementMap":{"1":{"start":{"line":3,"column":0},"end":{"line":5,"column":3}},"2":{"start":{"line":6,"column":0},"end":{"line":6,"column":42}},"3":{"start":{"line":8,"column":0},"end":{"line":8,"column":36}},"4":{"start":{"line":10,"column":0},"end":{"line":10,"column":51}},"5":{"start":{"line":12,"column":0},"end":{"line":12,"column":51}},"6":{"start":{"line":14,"column":0},"end":{"line":14,"column":53}},"7":{"start":{"line":16,"column":0},"end":{"line":16,"column":95}},"8":{"start":{"line":16,"column":39},"end":{"line":16,"column":93}},"9":{"start":{"line":18,"column":0},"end":{"line":29,"column":2}},"10":{"start":{"line":19,"column":2},"end":{"line":28,"column":5}},"11":{"start":{"line":20,"column":4},"end":{"line":20,"column":71}},"12":{"start":{"line":21,"column":4},"end":{"line":27,"column":7}},"13":{"start":{"line":22,"column":6},"end":{"line":25,"column":7}},"14":{"start":{"line":23,"column":8},"end":{"line":23,"column":27}},"15":{"start":{"line":24,"column":8},"end":{"line":24,"column":20}},"16":{"start":{"line":26,"column":6},"end":{"line":26,"column":19}}},"branchMap":{"1":{"line":16,"type":"cond-expr","locations":[{"start":{"line":16,"column":70},"end":{"line":16,"column":73}},{"start":{"line":16,"column":76},"end":{"line":16,"column":92}}]},"2":{"line":16,"type":"binary-expr","locations":[{"start":{"line":16,"column":46},"end":{"line":16,"column":49}},{"start":{"line":16,"column":53},"end":{"line":16,"column":67}}]},"3":{"line":22,"type":"if","locations":[{"start":{"line":22,"column":6},"end":{"line":22,"column":6}},{"start":{"line":22,"column":6},"end":{"line":22,"column":6}}]}}}}