{"C:\\Users\\Bernard Baker\\workspace\\holiday.extras.api\\compiled\\server.js":{"path":"C:\\Users\\Bernard Baker\\workspace\\holiday.extras.api\\compiled\\server.js","s":{"1":1,"2":1,"3":1,"4":0,"5":0,"6":0,"7":0,"8":0,"9":0,"10":0,"11":0,"12":0,"13":1,"14":1,"15":0,"16":0,"17":0,"18":0,"19":0,"20":0,"21":0,"22":0,"23":0,"24":0,"25":0,"26":0,"27":0,"28":0,"29":0,"30":0,"31":0,"32":0},"b":{"1":[0,1],"2":[1,1],"3":[0,0],"4":[0,0],"5":[0,0],"6":[0,0]},"f":{"1":1,"2":0,"3":0,"4":0},"fnMap":{"1":{"name":"_interopRequireDefault","line":27,"loc":{"start":{"line":27,"column":0},"end":{"line":27,"column":37}}},"2":{"name":"(anonymous_2)","line":38,"loc":{"start":{"line":38,"column":59},"end":{"line":38,"column":71}}},"3":{"name":"(anonymous_3)","line":43,"loc":{"start":{"line":43,"column":30},"end":{"line":43,"column":48}}},"4":{"name":"(anonymous_4)","line":46,"loc":{"start":{"line":46,"column":27},"end":{"line":46,"column":44}}}},"statementMap":{"1":{"start":{"line":3,"column":0},"end":{"line":3,"column":34}},"2":{"start":{"line":5,"column":0},"end":{"line":5,"column":49}},"3":{"start":{"line":7,"column":0},"end":{"line":7,"column":38}},"4":{"start":{"line":9,"column":0},"end":{"line":9,"column":47}},"5":{"start":{"line":11,"column":0},"end":{"line":11,"column":41}},"6":{"start":{"line":13,"column":0},"end":{"line":13,"column":55}},"7":{"start":{"line":15,"column":0},"end":{"line":15,"column":35}},"8":{"start":{"line":17,"column":0},"end":{"line":17,"column":39}},"9":{"start":{"line":19,"column":0},"end":{"line":19,"column":28}},"10":{"start":{"line":21,"column":0},"end":{"line":21,"column":43}},"11":{"start":{"line":23,"column":0},"end":{"line":23,"column":28}},"12":{"start":{"line":25,"column":0},"end":{"line":25,"column":43}},"13":{"start":{"line":27,"column":0},"end":{"line":27,"column":95}},"14":{"start":{"line":27,"column":39},"end":{"line":27,"column":93}},"15":{"start":{"line":29,"column":0},"end":{"line":29,"column":35}},"16":{"start":{"line":30,"column":0},"end":{"line":30,"column":36}},"17":{"start":{"line":32,"column":0},"end":{"line":32,"column":31}},"18":{"start":{"line":33,"column":0},"end":{"line":33,"column":76}},"19":{"start":{"line":34,"column":0},"end":{"line":34,"column":54}},"20":{"start":{"line":36,"column":0},"end":{"line":36,"column":27}},"21":{"start":{"line":38,"column":0},"end":{"line":62,"column":3}},"22":{"start":{"line":40,"column":2},"end":{"line":40,"column":25}},"23":{"start":{"line":41,"column":2},"end":{"line":41,"column":38}},"24":{"start":{"line":43,"column":2},"end":{"line":61,"column":5}},"25":{"start":{"line":44,"column":4},"end":{"line":44,"column":18}},"26":{"start":{"line":46,"column":4},"end":{"line":60,"column":7}},"27":{"start":{"line":47,"column":6},"end":{"line":50,"column":7}},"28":{"start":{"line":49,"column":8},"end":{"line":49,"column":15}},"29":{"start":{"line":52,"column":6},"end":{"line":58,"column":7}},"30":{"start":{"line":54,"column":8},"end":{"line":54,"column":57}},"31":{"start":{"line":57,"column":8},"end":{"line":57,"column":70}},"32":{"start":{"line":59,"column":6},"end":{"line":59,"column":14}}},"branchMap":{"1":{"line":27,"type":"cond-expr","locations":[{"start":{"line":27,"column":70},"end":{"line":27,"column":73}},{"start":{"line":27,"column":76},"end":{"line":27,"column":92}}]},"2":{"line":27,"type":"binary-expr","locations":[{"start":{"line":27,"column":46},"end":{"line":27,"column":49}},{"start":{"line":27,"column":53},"end":{"line":27,"column":67}}]},"3":{"line":30,"type":"binary-expr","locations":[{"start":{"line":30,"column":11},"end":{"line":30,"column":27}},{"start":{"line":30,"column":31},"end":{"line":30,"column":35}}]},"4":{"line":47,"type":"if","locations":[{"start":{"line":47,"column":6},"end":{"line":47,"column":6}},{"start":{"line":47,"column":6},"end":{"line":47,"column":6}}]},"5":{"line":47,"type":"binary-expr","locations":[{"start":{"line":47,"column":10},"end":{"line":47,"column":33}},{"start":{"line":47,"column":37},"end":{"line":47,"column":61}}]},"6":{"line":52,"type":"if","locations":[{"start":{"line":52,"column":6},"end":{"line":52,"column":6}},{"start":{"line":52,"column":6},"end":{"line":52,"column":6}}]}}}}