TN:
SF:c:\Users\Bernard Baker\workspace\holiday.extras.api\compiled\server.js
FN:29,_interopRequireDefault
FN:34,(anonymous_2)
FN:36,(anonymous_3)
FN:54,(anonymous_4)
FN:60,(anonymous_5)
FN:64,(anonymous_6)
FNF:6
FNH:1
FNDA:1,_interopRequireDefault
FNDA:0,(anonymous_2)
FNDA:0,(anonymous_3)
FNDA:0,(anonymous_4)
FNDA:0,(anonymous_5)
FNDA:0,(anonymous_6)
DA:3,1
DA:5,1
DA:7,1
DA:9,0
DA:11,0
DA:13,0
DA:15,0
DA:17,0
DA:19,0
DA:21,0
DA:23,0
DA:25,0
DA:27,0
DA:29,1
DA:31,0
DA:32,0
DA:34,0
DA:36,0
DA:38,0
DA:41,0
DA:44,0
DA:46,0
DA:48,0
DA:51,0
DA:54,0
DA:56,0
DA:57,0
DA:60,0
DA:61,0
DA:64,0
DA:65,0
DA:67,0
DA:69,0
DA:71,0
DA:74,0
DA:76,0
DA:80,0
DA:82,0
LF:38
LH:4
BRDA:29,1,0,0
BRDA:29,1,1,1
BRDA:29,2,0,1
BRDA:29,2,1,1
BRDA:41,3,0,0
BRDA:41,3,1,0
BRDA:65,4,0,0
BRDA:65,4,1,0
BRDA:65,5,0,0
BRDA:65,5,1,0
BRDA:69,6,0,0
BRDA:69,6,1,0
BRF:12
BRH:3
end_of_record
TN:
SF:c:\Users\Bernard Baker\workspace\holiday.extras.api\compiled\src\routes\index.js
FN:11,_interopRequireDefault
FN:13,routes
FN:16,(anonymous_3)
FNF:3
FNH:0
FNDA:0,_interopRequireDefault
FNDA:0,routes
FNDA:0,(anonymous_3)
DA:3,1
DA:7,1
DA:9,0
DA:11,1
DA:13,0
DA:14,0
DA:16,0
DA:17,0
DA:21,0
LF:9
LH:3
BRDA:11,1,0,0
BRDA:11,1,1,0
BRDA:11,2,0,0
BRDA:11,2,1,0
BRF:4
BRH:0
end_of_record
TN:
SF:c:\Users\Bernard Baker\workspace\holiday.extras.api\compiled\src\routes\User\UserRoutes.js
FN:13,_interopRequireDefault
FN:17,(anonymous_2)
FN:21,(anonymous_3)
FN:25,(anonymous_4)
FN:29,(anonymous_5)
FN:33,(anonymous_6)
FNF:6
FNH:1
FNDA:1,_interopRequireDefault
FNDA:0,(anonymous_2)
FNDA:0,(anonymous_3)
FNDA:0,(anonymous_4)
FNDA:0,(anonymous_5)
FNDA:0,(anonymous_6)
DA:3,1
DA:7,1
DA:9,1
DA:11,1
DA:13,1
DA:15,0
DA:17,0
DA:18,0
DA:21,0
DA:22,0
DA:25,0
DA:26,0
DA:29,0
DA:30,0
DA:33,0
DA:34,0
DA:37,0
LF:17
LH:5
BRDA:13,1,0,0
BRDA:13,1,1,1
BRDA:13,2,0,1
BRDA:13,2,1,1
BRF:4
BRH:3
end_of_record
TN:
SF:c:\Users\Bernard Baker\workspace\holiday.extras.api\compiled\src\controllers\UserController.js
FN:10,_asyncToGenerator
FN:10,(anonymous_2)
FN:10,(anonymous_3)
FN:10,step
FN:10,(anonymous_5)
FN:10,(anonymous_6)
FN:12,(anonymous_7)
FN:13,_callee
FN:14,_callee$
FN:19,(anonymous_10)
FN:21,(anonymous_11)
FN:36,createUser
FN:41,(anonymous_13)
FN:42,_callee2
FN:43,_callee2$
FN:48,(anonymous_16)
FN:50,(anonymous_17)
FN:65,readUser
FN:70,(anonymous_19)
FN:71,_callee3
FN:72,_callee3$
FN:77,(anonymous_22)
FN:79,(anonymous_23)
FN:94,updateUser
FN:99,(anonymous_25)
FN:100,_callee4
FN:101,_callee4$
FN:106,(anonymous_28)
FN:108,(anonymous_29)
FN:123,deleteUser
FNF:30
FNH:1
FNDA:0,_asyncToGenerator
FNDA:0,(anonymous_2)
FNDA:0,(anonymous_3)
FNDA:0,step
FNDA:0,(anonymous_5)
FNDA:0,(anonymous_6)
FNDA:1,(anonymous_7)
FNDA:0,_callee
FNDA:0,_callee$
FNDA:0,(anonymous_10)
FNDA:0,(anonymous_11)
FNDA:0,createUser
FNDA:0,(anonymous_13)
FNDA:0,_callee2
FNDA:0,_callee2$
FNDA:0,(anonymous_16)
FNDA:0,(anonymous_17)
FNDA:0,readUser
FNDA:0,(anonymous_19)
FNDA:0,_callee3
FNDA:0,_callee3$
FNDA:0,(anonymous_22)
FNDA:0,(anonymous_23)
FNDA:0,updateUser
FNDA:0,(anonymous_25)
FNDA:0,_callee4
FNDA:0,_callee4$
FNDA:0,(anonymous_28)
FNDA:0,(anonymous_29)
FNDA:0,deleteUser
DA:3,1
DA:6,1
DA:8,1
DA:10,1
DA:12,1
DA:13,1
DA:14,0
DA:15,0
DA:16,0
DA:18,0
DA:19,0
DA:20,0
DA:22,0
DA:26,0
DA:30,0
DA:36,0
DA:37,0
DA:41,0
DA:42,0
DA:43,0
DA:44,0
DA:45,0
DA:47,0
DA:48,0
DA:49,0
DA:51,0
DA:55,0
DA:59,0
DA:65,0
DA:66,0
DA:70,0
DA:71,0
DA:72,0
DA:73,0
DA:74,0
DA:76,0
DA:77,0
DA:78,0
DA:80,0
DA:84,0
DA:88,0
DA:94,0
DA:95,0
DA:99,0
DA:100,0
DA:101,0
DA:102,0
DA:103,0
DA:105,0
DA:106,0
DA:107,0
DA:109,0
DA:113,0
DA:117,0
DA:123,0
DA:124,0
LF:56
LH:6
BRDA:10,1,0,0
BRDA:10,1,1,0
BRDA:16,2,0,0
BRDA:16,2,1,0
BRDA:16,2,2,0
BRDA:16,2,3,0
BRDA:45,3,0,0
BRDA:45,3,1,0
BRDA:45,3,2,0
BRDA:45,3,3,0
BRDA:74,4,0,0
BRDA:74,4,1,0
BRDA:74,4,2,0
BRDA:74,4,3,0
BRDA:103,5,0,0
BRDA:103,5,1,0
BRDA:103,5,2,0
BRDA:103,5,3,0
BRF:18
BRH:0
end_of_record
TN:
SF:c:\Users\Bernard Baker\workspace\holiday.extras.api\compiled\src\service.objects\UserServiceObject.js
FN:16,sanitizationChecksOfInputs
FN:48,createNewUser
FN:49,(anonymous_3)
FN:51,(anonymous_4)
FN:56,readUserById
FN:57,(anonymous_6)
FN:59,(anonymous_7)
FN:64,updateUserById
FN:65,(anonymous_9)
FN:67,(anonymous_10)
FN:72,deleteUserById
FN:73,(anonymous_12)
FN:75,(anonymous_13)
FNF:13
FNH:0
FNDA:0,sanitizationChecksOfInputs
FNDA:0,createNewUser
FNDA:0,(anonymous_3)
FNDA:0,(anonymous_4)
FNDA:0,readUserById
FNDA:0,(anonymous_6)
FNDA:0,(anonymous_7)
FNDA:0,updateUserById
FNDA:0,(anonymous_9)
FNDA:0,(anonymous_10)
FNDA:0,deleteUserById
FNDA:0,(anonymous_12)
FNDA:0,(anonymous_13)
DA:3,1
DA:6,1
DA:8,1
DA:10,1
DA:12,1
DA:14,1
DA:16,1
DA:17,0
DA:18,0
DA:19,0
DA:20,0
DA:21,0
DA:24,0
DA:25,0
DA:26,0
DA:27,0
DA:28,0
DA:31,0
DA:32,0
DA:33,0
DA:34,0
DA:35,0
DA:38,0
DA:39,0
DA:40,0
DA:41,0
DA:42,0
DA:45,0
DA:48,1
DA:49,0
DA:50,0
DA:52,0
DA:56,1
DA:57,0
DA:58,0
DA:60,0
DA:64,1
DA:65,0
DA:66,0
DA:68,0
DA:72,1
DA:73,0
DA:74,0
DA:76,0
LF:44
LH:11
BRDA:17,1,0,0
BRDA:17,1,1,0
BRDA:20,2,0,0
BRDA:20,2,1,0
BRDA:24,3,0,0
BRDA:24,3,1,0
BRDA:27,4,0,0
BRDA:27,4,1,0
BRDA:31,5,0,0
BRDA:31,5,1,0
BRDA:34,6,0,0
BRDA:34,6,1,0
BRDA:38,7,0,0
BRDA:38,7,1,0
BRDA:41,8,0,0
BRDA:41,8,1,0
BRF:16
BRH:0
end_of_record
TN:
SF:c:\Users\Bernard Baker\workspace\holiday.extras.api\compiled\src\commands\user\CreateUserCommand.js
FN:20,_interopRequireDefault
FN:22,createUserCommand
FN:23,(anonymous_3)
FN:26,(anonymous_4)
FN:34,(anonymous_5)
FNF:5
FNH:1
FNDA:3,_interopRequireDefault
FNDA:0,createUserCommand
FNDA:0,(anonymous_3)
FNDA:0,(anonymous_4)
FNDA:0,(anonymous_5)
DA:3,1
DA:6,1
DA:8,1
DA:10,1
DA:12,1
DA:14,1
DA:16,1
DA:18,1
DA:20,3
DA:22,1
DA:23,0
DA:24,0
DA:25,0
DA:26,0
DA:27,0
DA:28,0
DA:29,0
DA:31,0
DA:32,0
DA:33,0
DA:34,0
DA:35,0
DA:36,0
DA:37,0
DA:39,0
DA:42,0
LF:26
LH:10
BRDA:20,1,0,1
BRDA:20,1,1,2
BRDA:20,2,0,3
BRDA:20,2,1,3
BRDA:24,3,0,0
BRDA:24,3,1,0
BRDA:27,4,0,0
BRDA:27,4,1,0
BRDA:31,5,0,0
BRDA:31,5,1,0
BRDA:35,6,0,0
BRDA:35,6,1,0
BRF:12
BRH:4
end_of_record
TN:
SF:c:\Users\Bernard Baker\workspace\holiday.extras.api\compiled\src\models\UserModel.js
FN:15,_interopRequireDefault
FNF:1
FNH:1
FNDA:2,_interopRequireDefault
DA:3,1
DA:7,1
DA:9,1
DA:11,1
DA:13,1
DA:15,2
DA:17,1
DA:19,1
DA:40,1
LF:9
LH:9
BRDA:15,1,0,0
BRDA:15,1,1,2
BRDA:15,2,0,2
BRDA:15,2,1,2
BRF:4
BRH:3
end_of_record
TN:
SF:c:\Users\Bernard Baker\workspace\holiday.extras.api\compiled\src\commands\user\ReadUserByIdCommand.js
FN:16,_interopRequireDefault
FN:18,readUserByIdCommand
FN:19,(anonymous_3)
FN:21,(anonymous_4)
FNF:4
FNH:1
FNDA:2,_interopRequireDefault
FNDA:0,readUserByIdCommand
FNDA:0,(anonymous_3)
FNDA:0,(anonymous_4)
DA:3,1
DA:6,1
DA:8,1
DA:10,1
DA:12,1
DA:14,1
DA:16,2
DA:18,1
DA:19,0
DA:20,0
DA:21,0
DA:22,0
DA:23,0
DA:24,0
DA:26,0
LF:15
LH:8
BRDA:16,1,0,1
BRDA:16,1,1,1
BRDA:16,2,0,2
BRDA:16,2,1,2
BRDA:22,3,0,0
BRDA:22,3,1,0
BRF:6
BRH:4
end_of_record
TN:
SF:c:\Users\Bernard Baker\workspace\holiday.extras.api\compiled\src\commands\user\UpdateUserByIdCommand.js
FN:16,_interopRequireDefault
FN:18,updateUserByIdCommand
FN:19,(anonymous_3)
FN:22,(anonymous_4)
FN:37,(anonymous_5)
FNF:5
FNH:1
FNDA:2,_interopRequireDefault
FNDA:0,updateUserByIdCommand
FNDA:0,(anonymous_3)
FNDA:0,(anonymous_4)
FNDA:0,(anonymous_5)
DA:3,1
DA:6,1
DA:8,1
DA:10,1
DA:12,1
DA:14,1
DA:16,2
DA:18,1
DA:19,0
DA:20,0
DA:21,0
DA:22,0
DA:23,0
DA:24,0
DA:25,0
DA:27,0
DA:28,0
DA:29,0
DA:31,0
DA:32,0
DA:34,0
DA:35,0
DA:37,0
DA:38,0
DA:39,0
DA:40,0
DA:42,0
DA:45,0
LF:28
LH:8
BRDA:16,1,0,1
BRDA:16,1,1,1
BRDA:16,2,0,2
BRDA:16,2,1,2
BRDA:20,3,0,0
BRDA:20,3,1,0
BRDA:23,4,0,0
BRDA:23,4,1,0
BRDA:27,5,0,0
BRDA:27,5,1,0
BRDA:28,6,0,0
BRDA:28,6,1,0
BRDA:31,7,0,0
BRDA:31,7,1,0
BRDA:34,8,0,0
BRDA:34,8,1,0
BRDA:38,9,0,0
BRDA:38,9,1,0
BRF:18
BRH:4
end_of_record
TN:
SF:c:\Users\Bernard Baker\workspace\holiday.extras.api\compiled\src\commands\user\DeleteUserByIdCommand.js
FN:16,_interopRequireDefault
FN:18,deleteUserByIdCommand
FN:19,(anonymous_3)
FN:21,(anonymous_4)
FNF:4
FNH:1
FNDA:2,_interopRequireDefault
FNDA:0,deleteUserByIdCommand
FNDA:0,(anonymous_3)
FNDA:0,(anonymous_4)
DA:3,1
DA:6,1
DA:8,1
DA:10,1
DA:12,1
DA:14,1
DA:16,2
DA:18,1
DA:19,0
DA:20,0
DA:21,0
DA:22,0
DA:23,0
DA:24,0
DA:26,0
LF:15
LH:8
BRDA:16,1,0,1
BRDA:16,1,1,1
BRDA:16,2,0,2
BRDA:16,2,1,2
BRDA:22,3,0,0
BRDA:22,3,1,0
BRF:6
BRH:4
end_of_record
